Arguments: 
  /usr/bin/node /usr/bin/yarn

PATH: 
  /home/l8ng/LibHateRoot/go/bin:/home/l8ng/LibHateRoot/flutter/bin:/home/l8ng/.cargo/bin:/opt/pyenv/plugins/pyenv-virtualenv/shims:/home/l8ng/.pyenv/shims:/home/l8ng/.sdkman/candidates/java/current/bin:/home/l8ng/LibHateRoot/go/bin:/home/l8ng/LibHateRoot/flutter/bin:/home/l8ng/.cargo/bin:/opt/pyenv/plugins/pyenv-virtualenv/shims:/home/l8ng/.pyenv/shims:/usr/local/sbin:/usr/local/bin:/usr/bin:/usr/lib/jvm/default/bin:/usr/bin/site_perl:/usr/bin/vendor_perl:/usr/bin/core_perl:/home/l8ng/.local/bin:/usr/lib/jvm/default/bin:/usr/bin/site_perl:/usr/bin/vendor_perl:/usr/bin/core_perl:/home/l8ng/.local/bin:/home/l8ng/LibHateRoot/Android/Sdk/emulator:/home/l8ng/.yarn/bin:/home/l8ng/SoftwareHateRoot/bin:/home/l8ng/LibHateRoot/Android/Sdk/emulator:/home/l8ng/.yarn/bin:/home/l8ng/SoftwareHateRoot/bin

Yarn version: 
  1.22.4

Node version: 
  12.16.1

Platform: 
  linux x64

Trace: 
  SyntaxError: /home/l8ng/Documents/blog/package.json: Unexpected token / in JSON at position 462
      at JSON.parse (<anonymous>)
      at /usr/lib/node_modules/yarn/lib/cli.js:1625:59
      at Generator.next (<anonymous>)
      at step (/usr/lib/node_modules/yarn/lib/cli.js:310:30)
      at /usr/lib/node_modules/yarn/lib/cli.js:321:13

npm manifest: 
  {
    "name": "hexo-site",
    "version": "0.0.0",
    "private": true,
    "hexo": {
      "version": "3.9.0"
    },
    "dependencies": {
      "hexo": "^3.9.0",
      "hexo-deployer-git": "^0.3.1",
      "hexo-fontawesome": "^2.1.0",
      "hexo-generator-archive": "^0.1.5",
      "hexo-generator-category": "^0.1.3",
      "hexo-generator-feed": "^2.2.0",
      "hexo-generator-index-pin-top": "^0.2.2",
      "hexo-generator-searchdb": "^1.2.0",
      "hexo-generator-tag": "^0.2.0",
      // "hexo-lazyload-image": "^1.0.5",
      "hexo-reference": "^1.0.4",
      "hexo-renderer-ejs": "^0.3.1",
      "hexo-renderer-marked": "^0.3.2",
      "hexo-renderer-stylus": "^0.3.3",
      "hexo-server": "^0.3.1"
    }
  }

yarn manifest: 
  No manifest

Lockfile: 
  No lockfile
